  client.cpp
D:\넷겜플텀프\새 폴더\Network_Game_Programming-dc32f33c6333d0fb688536ba7d67ab8697550ae4\이화수\클라초기버전\Project1\client.h(95,12): warning C4305: '초기화 중': 'unsigned int'에서 'char'(으)로 잘립니다.
D:\넷겜플텀프\새 폴더\Network_Game_Programming-dc32f33c6333d0fb688536ba7d67ab8697550ae4\이화수\클라초기버전\Project1\client.h(95,14): warning C4309: '초기화 중': 상수 값이 잘립니다.
D:\넷겜플텀프\새 폴더\Network_Game_Programming-dc32f33c6333d0fb688536ba7d67ab8697550ae4\이화수\클라초기버전\Project1\client.cpp(450,7): warning C4101: 's' :참조되지 않은 지역 변수입니다.
D:\넷겜플텀프\새 폴더\Network_Game_Programming-dc32f33c6333d0fb688536ba7d67ab8697550ae4\이화수\클라초기버전\Project1\client.cpp(511,7): warning C4101: 's' :참조되지 않은 지역 변수입니다.
D:\넷겜플텀프\새 폴더\Network_Game_Programming-dc32f33c6333d0fb688536ba7d67ab8697550ae4\이화수\클라초기버전\Project1\client.cpp(541,6): warning C4101: 'i' :참조되지 않은 지역 변수입니다.
D:\넷겜플텀프\새 폴더\Network_Game_Programming-dc32f33c6333d0fb688536ba7d67ab8697550ae4\이화수\클라초기버전\Project1\client.cpp(560,69): warning C4244: '인수': 'float'에서 'int'(으)로 변환하면서 데이터가 손실될 수 있습니다.
D:\넷겜플텀프\새 폴더\Network_Game_Programming-dc32f33c6333d0fb688536ba7d67ab8697550ae4\이화수\클라초기버전\Project1\client.cpp(560,30): warning C4244: '인수': 'float'에서 'int'(으)로 변환하면서 데이터가 손실될 수 있습니다.
D:\넷겜플텀프\새 폴더\Network_Game_Programming-dc32f33c6333d0fb688536ba7d67ab8697550ae4\이화수\클라초기버전\Project1\client.cpp(559,71): warning C4244: '인수': 'float'에서 'int'(으)로 변환하면서 데이터가 손실될 수 있습니다.
D:\넷겜플텀프\새 폴더\Network_Game_Programming-dc32f33c6333d0fb688536ba7d67ab8697550ae4\이화수\클라초기버전\Project1\client.cpp(559,42): warning C4244: '인수': 'float'에서 'int'(으)로 변환하면서 데이터가 손실될 수 있습니다.
D:\넷겜플텀프\새 폴더\Network_Game_Programming-dc32f33c6333d0fb688536ba7d67ab8697550ae4\이화수\클라초기버전\Project1\client.cpp(791,80): warning C4244: '인수': 'float'에서 'int'(으)로 변환하면서 데이터가 손실될 수 있습니다.
D:\넷겜플텀프\새 폴더\Network_Game_Programming-dc32f33c6333d0fb688536ba7d67ab8697550ae4\이화수\클라초기버전\Project1\client.cpp(791,36): warning C4244: '인수': 'float'에서 'int'(으)로 변환하면서 데이터가 손실될 수 있습니다.
D:\넷겜플텀프\새 폴더\Network_Game_Programming-dc32f33c6333d0fb688536ba7d67ab8697550ae4\이화수\클라초기버전\Project1\client.cpp(790,79): warning C4244: '인수': 'float'에서 'int'(으)로 변환하면서 데이터가 손실될 수 있습니다.
D:\넷겜플텀프\새 폴더\Network_Game_Programming-dc32f33c6333d0fb688536ba7d67ab8697550ae4\이화수\클라초기버전\Project1\client.cpp(790,45): warning C4244: '인수': 'float'에서 'int'(으)로 변환하면서 데이터가 손실될 수 있습니다.
D:\넷겜플텀프\새 폴더\Network_Game_Programming-dc32f33c6333d0fb688536ba7d67ab8697550ae4\이화수\클라초기버전\Project1\client.cpp(807,93): warning C4244: '인수': 'float'에서 'int'(으)로 변환하면서 데이터가 손실될 수 있습니다.
D:\넷겜플텀프\새 폴더\Network_Game_Programming-dc32f33c6333d0fb688536ba7d67ab8697550ae4\이화수\클라초기버전\Project1\client.cpp(807,43): warning C4244: '인수': 'float'에서 'int'(으)로 변환하면서 데이터가 손실될 수 있습니다.
D:\넷겜플텀프\새 폴더\Network_Game_Programming-dc32f33c6333d0fb688536ba7d67ab8697550ae4\이화수\클라초기버전\Project1\client.cpp(806,92): warning C4244: '인수': 'float'에서 'int'(으)로 변환하면서 데이터가 손실될 수 있습니다.
D:\넷겜플텀프\새 폴더\Network_Game_Programming-dc32f33c6333d0fb688536ba7d67ab8697550ae4\이화수\클라초기버전\Project1\client.cpp(806,52): warning C4244: '인수': 'float'에서 'int'(으)로 변환하면서 데이터가 손실될 수 있습니다.
D:\넷겜플텀프\새 폴더\Network_Game_Programming-dc32f33c6333d0fb688536ba7d67ab8697550ae4\이화수\클라초기버전\Project1\client.cpp(823,95): warning C4244: '인수': 'float'에서 'int'(으)로 변환하면서 데이터가 손실될 수 있습니다.
D:\넷겜플텀프\새 폴더\Network_Game_Programming-dc32f33c6333d0fb688536ba7d67ab8697550ae4\이화수\클라초기버전\Project1\client.cpp(823,44): warning C4244: '인수': 'float'에서 'int'(으)로 변환하면서 데이터가 손실될 수 있습니다.
D:\넷겜플텀프\새 폴더\Network_Game_Programming-dc32f33c6333d0fb688536ba7d67ab8697550ae4\이화수\클라초기버전\Project1\client.cpp(822,94): warning C4244: '인수': 'float'에서 'int'(으)로 변환하면서 데이터가 손실될 수 있습니다.
D:\넷겜플텀프\새 폴더\Network_Game_Programming-dc32f33c6333d0fb688536ba7d67ab8697550ae4\이화수\클라초기버전\Project1\client.cpp(822,53): warning C4244: '인수': 'float'에서 'int'(으)로 변환하면서 데이터가 손실될 수 있습니다.
D:\넷겜플텀프\새 폴더\Network_Game_Programming-dc32f33c6333d0fb688536ba7d67ab8697550ae4\이화수\클라초기버전\Project1\client.cpp(843,78): warning C4244: '인수': 'float'에서 'int'(으)로 변환하면서 데이터가 손실될 수 있습니다.
D:\넷겜플텀프\새 폴더\Network_Game_Programming-dc32f33c6333d0fb688536ba7d67ab8697550ae4\이화수\클라초기버전\Project1\client.cpp(843,36): warning C4244: '인수': 'float'에서 'int'(으)로 변환하면서 데이터가 손실될 수 있습니다.
D:\넷겜플텀프\새 폴더\Network_Game_Programming-dc32f33c6333d0fb688536ba7d67ab8697550ae4\이화수\클라초기버전\Project1\client.cpp(842,77): warning C4244: '인수': 'float'에서 'int'(으)로 변환하면서 데이터가 손실될 수 있습니다.
D:\넷겜플텀프\새 폴더\Network_Game_Programming-dc32f33c6333d0fb688536ba7d67ab8697550ae4\이화수\클라초기버전\Project1\client.cpp(842,45): warning C4244: '인수': 'float'에서 'int'(으)로 변환하면서 데이터가 손실될 수 있습니다.
D:\넷겜플텀프\새 폴더\Network_Game_Programming-dc32f33c6333d0fb688536ba7d67ab8697550ae4\이화수\클라초기버전\Project1\client.cpp(861,82): warning C4244: '인수': 'float'에서 'int'(으)로 변환하면서 데이터가 손실될 수 있습니다.
D:\넷겜플텀프\새 폴더\Network_Game_Programming-dc32f33c6333d0fb688536ba7d67ab8697550ae4\이화수\클라초기버전\Project1\client.cpp(861,38): warning C4244: '인수': 'float'에서 'int'(으)로 변환하면서 데이터가 손실될 수 있습니다.
D:\넷겜플텀프\새 폴더\Network_Game_Programming-dc32f33c6333d0fb688536ba7d67ab8697550ae4\이화수\클라초기버전\Project1\client.cpp(860,81): warning C4244: '인수': 'float'에서 'int'(으)로 변환하면서 데이터가 손실될 수 있습니다.
D:\넷겜플텀프\새 폴더\Network_Game_Programming-dc32f33c6333d0fb688536ba7d67ab8697550ae4\이화수\클라초기버전\Project1\client.cpp(860,47): warning C4244: '인수': 'float'에서 'int'(으)로 변환하면서 데이터가 손실될 수 있습니다.
  Project1.vcxproj -> D:\넷겜플텀프\새 폴더\Network_Game_Programming-dc32f33c6333d0fb688536ba7d67ab8697550ae4\이화수\클라초기버전\Debug\Project1.exe
