  client.cpp
C:\Users\sumin\Desktop\2021\3-2\네트워크 게임 프로그래밍\텀프로젝트\중간검수2\Client\Project1\client.cpp(1,1): warning C4819: 현재 코드 페이지(949)에서 표시할 수 없는 문자가 파일에 들어 있습니다. 데이터가 손실되지 않게 하려면 해당 파일을 유니코드 형식으로 저장하십시오.
C:\Users\sumin\Desktop\2021\3-2\네트워크 게임 프로그래밍\텀프로젝트\중간검수2\Client\Project1\client.h(1,1): warning C4819: 현재 코드 페이지(949)에서 표시할 수 없는 문자가 파일에 들어 있습니다. 데이터가 손실되지 않게 하려면 해당 파일을 유니코드 형식으로 저장하십시오.
C:\Users\sumin\Desktop\2021\3-2\네트워크 게임 프로그래밍\텀프로젝트\중간검수2\Client\Project1\client.cpp(92,7): warning C4101: 'child_hWnd2' :참조되지 않은 지역 변수입니다.
C:\Users\sumin\Desktop\2021\3-2\네트워크 게임 프로그래밍\텀프로젝트\중간검수2\Client\Project1\client.cpp(104,6): warning C4101: 'retval' :참조되지 않은 지역 변수입니다.
C:\Users\sumin\Desktop\2021\3-2\네트워크 게임 프로그래밍\텀프로젝트\중간검수2\Client\Project1\client.cpp(494,7): warning C4101: 's' :참조되지 않은 지역 변수입니다.
C:\Users\sumin\Desktop\2021\3-2\네트워크 게임 프로그래밍\텀프로젝트\중간검수2\Client\Project1\client.cpp(563,7): warning C4101: 's' :참조되지 않은 지역 변수입니다.
C:\Users\sumin\Desktop\2021\3-2\네트워크 게임 프로그래밍\텀프로젝트\중간검수2\Client\Project1\client.cpp(594,6): warning C4101: 'i' :참조되지 않은 지역 변수입니다.
C:\Users\sumin\Desktop\2021\3-2\네트워크 게임 프로그래밍\텀프로젝트\중간검수2\Client\Project1\client.cpp(616,101): warning C4244: '인수': 'float'에서 'int'(으)로 변환하면서 데이터가 손실될 수 있습니다.
C:\Users\sumin\Desktop\2021\3-2\네트워크 게임 프로그래밍\텀프로젝트\중간검수2\Client\Project1\client.cpp(616,47): warning C4244: '인수': 'float'에서 'int'(으)로 변환하면서 데이터가 손실될 수 있습니다.
C:\Users\sumin\Desktop\2021\3-2\네트워크 게임 프로그래밍\텀프로젝트\중간검수2\Client\Project1\client.cpp(615,100): warning C4244: '인수': 'float'에서 'int'(으)로 변환하면서 데이터가 손실될 수 있습니다.
C:\Users\sumin\Desktop\2021\3-2\네트워크 게임 프로그래밍\텀프로젝트\중간검수2\Client\Project1\client.cpp(615,56): warning C4244: '인수': 'float'에서 'int'(으)로 변환하면서 데이터가 손실될 수 있습니다.
C:\Users\sumin\Desktop\2021\3-2\네트워크 게임 프로그래밍\텀프로젝트\중간검수2\Client\Project1\client.cpp(621,101): warning C4244: '인수': 'float'에서 'int'(으)로 변환하면서 데이터가 손실될 수 있습니다.
C:\Users\sumin\Desktop\2021\3-2\네트워크 게임 프로그래밍\텀프로젝트\중간검수2\Client\Project1\client.cpp(621,47): warning C4244: '인수': 'float'에서 'int'(으)로 변환하면서 데이터가 손실될 수 있습니다.
C:\Users\sumin\Desktop\2021\3-2\네트워크 게임 프로그래밍\텀프로젝트\중간검수2\Client\Project1\client.cpp(620,100): warning C4244: '인수': 'float'에서 'int'(으)로 변환하면서 데이터가 손실될 수 있습니다.
C:\Users\sumin\Desktop\2021\3-2\네트워크 게임 프로그래밍\텀프로젝트\중간검수2\Client\Project1\client.cpp(620,56): warning C4244: '인수': 'float'에서 'int'(으)로 변환하면서 데이터가 손실될 수 있습니다.
C:\Users\sumin\Desktop\2021\3-2\네트워크 게임 프로그래밍\텀프로젝트\중간검수2\Client\Project1\client.cpp(626,101): warning C4244: '인수': 'float'에서 'int'(으)로 변환하면서 데이터가 손실될 수 있습니다.
C:\Users\sumin\Desktop\2021\3-2\네트워크 게임 프로그래밍\텀프로젝트\중간검수2\Client\Project1\client.cpp(626,47): warning C4244: '인수': 'float'에서 'int'(으)로 변환하면서 데이터가 손실될 수 있습니다.
C:\Users\sumin\Desktop\2021\3-2\네트워크 게임 프로그래밍\텀프로젝트\중간검수2\Client\Project1\client.cpp(625,100): warning C4244: '인수': 'float'에서 'int'(으)로 변환하면서 데이터가 손실될 수 있습니다.
C:\Users\sumin\Desktop\2021\3-2\네트워크 게임 프로그래밍\텀프로젝트\중간검수2\Client\Project1\client.cpp(625,56): warning C4244: '인수': 'float'에서 'int'(으)로 변환하면서 데이터가 손실될 수 있습니다.
C:\Users\sumin\Desktop\2021\3-2\네트워크 게임 프로그래밍\텀프로젝트\중간검수2\Client\Project1\client.cpp(840,80): warning C4244: '인수': 'float'에서 'int'(으)로 변환하면서 데이터가 손실될 수 있습니다.
C:\Users\sumin\Desktop\2021\3-2\네트워크 게임 프로그래밍\텀프로젝트\중간검수2\Client\Project1\client.cpp(840,36): warning C4244: '인수': 'float'에서 'int'(으)로 변환하면서 데이터가 손실될 수 있습니다.
C:\Users\sumin\Desktop\2021\3-2\네트워크 게임 프로그래밍\텀프로젝트\중간검수2\Client\Project1\client.cpp(839,79): warning C4244: '인수': 'float'에서 'int'(으)로 변환하면서 데이터가 손실될 수 있습니다.
C:\Users\sumin\Desktop\2021\3-2\네트워크 게임 프로그래밍\텀프로젝트\중간검수2\Client\Project1\client.cpp(839,45): warning C4244: '인수': 'float'에서 'int'(으)로 변환하면서 데이터가 손실될 수 있습니다.
C:\Users\sumin\Desktop\2021\3-2\네트워크 게임 프로그래밍\텀프로젝트\중간검수2\Client\Project1\client.cpp(856,93): warning C4244: '인수': 'float'에서 'int'(으)로 변환하면서 데이터가 손실될 수 있습니다.
C:\Users\sumin\Desktop\2021\3-2\네트워크 게임 프로그래밍\텀프로젝트\중간검수2\Client\Project1\client.cpp(856,43): warning C4244: '인수': 'float'에서 'int'(으)로 변환하면서 데이터가 손실될 수 있습니다.
C:\Users\sumin\Desktop\2021\3-2\네트워크 게임 프로그래밍\텀프로젝트\중간검수2\Client\Project1\client.cpp(855,92): warning C4244: '인수': 'float'에서 'int'(으)로 변환하면서 데이터가 손실될 수 있습니다.
C:\Users\sumin\Desktop\2021\3-2\네트워크 게임 프로그래밍\텀프로젝트\중간검수2\Client\Project1\client.cpp(855,52): warning C4244: '인수': 'float'에서 'int'(으)로 변환하면서 데이터가 손실될 수 있습니다.
C:\Users\sumin\Desktop\2021\3-2\네트워크 게임 프로그래밍\텀프로젝트\중간검수2\Client\Project1\client.cpp(872,95): warning C4244: '인수': 'float'에서 'int'(으)로 변환하면서 데이터가 손실될 수 있습니다.
C:\Users\sumin\Desktop\2021\3-2\네트워크 게임 프로그래밍\텀프로젝트\중간검수2\Client\Project1\client.cpp(872,44): warning C4244: '인수': 'float'에서 'int'(으)로 변환하면서 데이터가 손실될 수 있습니다.
C:\Users\sumin\Desktop\2021\3-2\네트워크 게임 프로그래밍\텀프로젝트\중간검수2\Client\Project1\client.cpp(871,94): warning C4244: '인수': 'float'에서 'int'(으)로 변환하면서 데이터가 손실될 수 있습니다.
C:\Users\sumin\Desktop\2021\3-2\네트워크 게임 프로그래밍\텀프로젝트\중간검수2\Client\Project1\client.cpp(871,53): warning C4244: '인수': 'float'에서 'int'(으)로 변환하면서 데이터가 손실될 수 있습니다.
C:\Users\sumin\Desktop\2021\3-2\네트워크 게임 프로그래밍\텀프로젝트\중간검수2\Client\Project1\client.cpp(892,78): warning C4244: '인수': 'float'에서 'int'(으)로 변환하면서 데이터가 손실될 수 있습니다.
C:\Users\sumin\Desktop\2021\3-2\네트워크 게임 프로그래밍\텀프로젝트\중간검수2\Client\Project1\client.cpp(892,36): warning C4244: '인수': 'float'에서 'int'(으)로 변환하면서 데이터가 손실될 수 있습니다.
C:\Users\sumin\Desktop\2021\3-2\네트워크 게임 프로그래밍\텀프로젝트\중간검수2\Client\Project1\client.cpp(891,77): warning C4244: '인수': 'float'에서 'int'(으)로 변환하면서 데이터가 손실될 수 있습니다.
C:\Users\sumin\Desktop\2021\3-2\네트워크 게임 프로그래밍\텀프로젝트\중간검수2\Client\Project1\client.cpp(891,45): warning C4244: '인수': 'float'에서 'int'(으)로 변환하면서 데이터가 손실될 수 있습니다.
C:\Users\sumin\Desktop\2021\3-2\네트워크 게임 프로그래밍\텀프로젝트\중간검수2\Client\Project1\client.cpp(910,82): warning C4244: '인수': 'float'에서 'int'(으)로 변환하면서 데이터가 손실될 수 있습니다.
C:\Users\sumin\Desktop\2021\3-2\네트워크 게임 프로그래밍\텀프로젝트\중간검수2\Client\Project1\client.cpp(910,38): warning C4244: '인수': 'float'에서 'int'(으)로 변환하면서 데이터가 손실될 수 있습니다.
C:\Users\sumin\Desktop\2021\3-2\네트워크 게임 프로그래밍\텀프로젝트\중간검수2\Client\Project1\client.cpp(909,81): warning C4244: '인수': 'float'에서 'int'(으)로 변환하면서 데이터가 손실될 수 있습니다.
C:\Users\sumin\Desktop\2021\3-2\네트워크 게임 프로그래밍\텀프로젝트\중간검수2\Client\Project1\client.cpp(909,47): warning C4244: '인수': 'float'에서 'int'(으)로 변환하면서 데이터가 손실될 수 있습니다.
  코드를 생성하고 있습니다.
  0 of 45 functions ( 0.0%) were compiled, the rest were copied from previous compilation.
    0 functions were new in current compilation
    0 functions had inline decision re-evaluated but remain unchanged
  코드를 생성했습니다.
  Project1.vcxproj -> C:\Users\sumin\Desktop\2021\3-2\네트워크 게임 프로그래밍\텀프로젝트\중간검수2\Client\Release\Project1.exe
