  client.cpp
C:\Users\cksnd\Desktop\3학년 2학기\넷겜플\Network_Game_Programming\홍찬우\클라초기버전\Project1\client.h(99,18): warning C4305: '초기화 중': 'unsigned int'에서 'char'(으)로 잘립니다.
C:\Users\cksnd\Desktop\3학년 2학기\넷겜플\Network_Game_Programming\홍찬우\클라초기버전\Project1\client.h(99,14): warning C4309: '초기화 중': 상수 값이 잘립니다.
C:\Users\cksnd\Desktop\3학년 2학기\넷겜플\Network_Game_Programming\홍찬우\클라초기버전\Project1\client.cpp(323,7): warning C4101: 's' :참조되지 않은 지역 변수입니다.
C:\Users\cksnd\Desktop\3학년 2학기\넷겜플\Network_Game_Programming\홍찬우\클라초기버전\Project1\client.cpp(383,7): warning C4101: 's' :참조되지 않은 지역 변수입니다.
C:\Users\cksnd\Desktop\3학년 2학기\넷겜플\Network_Game_Programming\홍찬우\클라초기버전\Project1\client.cpp(412,6): warning C4101: 'i' :참조되지 않은 지역 변수입니다.
C:\Users\cksnd\Desktop\3학년 2학기\넷겜플\Network_Game_Programming\홍찬우\클라초기버전\Project1\client.cpp(430,69): warning C4244: '인수': 'float'에서 'int'(으)로 변환하면서 데이터가 손실될 수 있습니다.
C:\Users\cksnd\Desktop\3학년 2학기\넷겜플\Network_Game_Programming\홍찬우\클라초기버전\Project1\client.cpp(430,30): warning C4244: '인수': 'float'에서 'int'(으)로 변환하면서 데이터가 손실될 수 있습니다.
C:\Users\cksnd\Desktop\3학년 2학기\넷겜플\Network_Game_Programming\홍찬우\클라초기버전\Project1\client.cpp(429,71): warning C4244: '인수': 'float'에서 'int'(으)로 변환하면서 데이터가 손실될 수 있습니다.
C:\Users\cksnd\Desktop\3학년 2학기\넷겜플\Network_Game_Programming\홍찬우\클라초기버전\Project1\client.cpp(429,42): warning C4244: '인수': 'float'에서 'int'(으)로 변환하면서 데이터가 손실될 수 있습니다.
C:\Users\cksnd\Desktop\3학년 2학기\넷겜플\Network_Game_Programming\홍찬우\클라초기버전\Project1\client.cpp(624,80): warning C4244: '인수': 'float'에서 'int'(으)로 변환하면서 데이터가 손실될 수 있습니다.
C:\Users\cksnd\Desktop\3학년 2학기\넷겜플\Network_Game_Programming\홍찬우\클라초기버전\Project1\client.cpp(624,36): warning C4244: '인수': 'float'에서 'int'(으)로 변환하면서 데이터가 손실될 수 있습니다.
C:\Users\cksnd\Desktop\3학년 2학기\넷겜플\Network_Game_Programming\홍찬우\클라초기버전\Project1\client.cpp(623,79): warning C4244: '인수': 'float'에서 'int'(으)로 변환하면서 데이터가 손실될 수 있습니다.
C:\Users\cksnd\Desktop\3학년 2학기\넷겜플\Network_Game_Programming\홍찬우\클라초기버전\Project1\client.cpp(623,45): warning C4244: '인수': 'float'에서 'int'(으)로 변환하면서 데이터가 손실될 수 있습니다.
C:\Users\cksnd\Desktop\3학년 2학기\넷겜플\Network_Game_Programming\홍찬우\클라초기버전\Project1\client.cpp(640,93): warning C4244: '인수': 'float'에서 'int'(으)로 변환하면서 데이터가 손실될 수 있습니다.
C:\Users\cksnd\Desktop\3학년 2학기\넷겜플\Network_Game_Programming\홍찬우\클라초기버전\Project1\client.cpp(640,43): warning C4244: '인수': 'float'에서 'int'(으)로 변환하면서 데이터가 손실될 수 있습니다.
C:\Users\cksnd\Desktop\3학년 2학기\넷겜플\Network_Game_Programming\홍찬우\클라초기버전\Project1\client.cpp(639,92): warning C4244: '인수': 'float'에서 'int'(으)로 변환하면서 데이터가 손실될 수 있습니다.
C:\Users\cksnd\Desktop\3학년 2학기\넷겜플\Network_Game_Programming\홍찬우\클라초기버전\Project1\client.cpp(639,52): warning C4244: '인수': 'float'에서 'int'(으)로 변환하면서 데이터가 손실될 수 있습니다.
C:\Users\cksnd\Desktop\3학년 2학기\넷겜플\Network_Game_Programming\홍찬우\클라초기버전\Project1\client.cpp(656,95): warning C4244: '인수': 'float'에서 'int'(으)로 변환하면서 데이터가 손실될 수 있습니다.
C:\Users\cksnd\Desktop\3학년 2학기\넷겜플\Network_Game_Programming\홍찬우\클라초기버전\Project1\client.cpp(656,44): warning C4244: '인수': 'float'에서 'int'(으)로 변환하면서 데이터가 손실될 수 있습니다.
C:\Users\cksnd\Desktop\3학년 2학기\넷겜플\Network_Game_Programming\홍찬우\클라초기버전\Project1\client.cpp(655,94): warning C4244: '인수': 'float'에서 'int'(으)로 변환하면서 데이터가 손실될 수 있습니다.
C:\Users\cksnd\Desktop\3학년 2학기\넷겜플\Network_Game_Programming\홍찬우\클라초기버전\Project1\client.cpp(655,53): warning C4244: '인수': 'float'에서 'int'(으)로 변환하면서 데이터가 손실될 수 있습니다.
C:\Users\cksnd\Desktop\3학년 2학기\넷겜플\Network_Game_Programming\홍찬우\클라초기버전\Project1\client.cpp(673,78): warning C4244: '인수': 'float'에서 'int'(으)로 변환하면서 데이터가 손실될 수 있습니다.
C:\Users\cksnd\Desktop\3학년 2학기\넷겜플\Network_Game_Programming\홍찬우\클라초기버전\Project1\client.cpp(673,36): warning C4244: '인수': 'float'에서 'int'(으)로 변환하면서 데이터가 손실될 수 있습니다.
C:\Users\cksnd\Desktop\3학년 2학기\넷겜플\Network_Game_Programming\홍찬우\클라초기버전\Project1\client.cpp(672,77): warning C4244: '인수': 'float'에서 'int'(으)로 변환하면서 데이터가 손실될 수 있습니다.
C:\Users\cksnd\Desktop\3학년 2학기\넷겜플\Network_Game_Programming\홍찬우\클라초기버전\Project1\client.cpp(672,45): warning C4244: '인수': 'float'에서 'int'(으)로 변환하면서 데이터가 손실될 수 있습니다.
  Project1.vcxproj -> C:\Users\cksnd\Desktop\3학년 2학기\넷겜플\Network_Game_Programming\홍찬우\클라초기버전\Debug\Project1.exe
